<?xml version="1.0" encoding="UTF-8"?>
<testsuite xmlns:xsi="http://www.w3.org/2001/XMLSchema-instance" xsi:noNamespaceSchemaLocation="https://maven.apache.org/surefire/maven-surefire-plugin/xsd/surefire-test-report-3.0.xsd" version="3.0" name="com.muzlik.smpstart.SMPStartPluginTest" time="0.081" tests="5" errors="0" skipped="0" failures="0">
  <properties>
[...]
</properties>
  <testcase name="testPluginConfigSetters" classname="com.muzlik.smpstart.SMPStartPluginTest" time="0.018"/>
  <testcase name="testStateDataDefaults" classname="com.muzlik.smpstart.SMPStartPluginTest" time="0.001"/>
  <testcase name="testStateDataSetters" classname="com.muzlik.smpstart.SMPStartPluginTest" time="0.001"/>
  <testcase name="testPluginConstants" classname="com.muzlik.smpstart.SMPStartPluginTest" time="0.018"/>
  <testcase name="testPluginConfigDefaults" classname="com.muzlik.smpstart.SMPStartPluginTest" time="0.017"/>
</testsuite>